<?xml version="1.0"?>
<!--
Copyright (c) 2021 Project CHIP Authors

Licensed under the Apache License, Version 2.0 (the "License");
you may not use this file except in compliance with the License.
You may obtain a copy of the License at

    http://www.apache.org/licenses/LICENSE-2.0

Unless required by applicable law or agreed to in writing, software
distributed under the License is distributed on an "AS IS" BASIS,
WITHOUT WARRANTIES OR CONDITIONS OF ANY KIND, either express or implied.
See the License for the specific language governing permissions and
limitations under the License.
-->
<configurator>
  <cluster manufacturerCode="0xFFF1">
    <domain>CHIP</domain>
    <name>Test Manufacturer Specific Extension Cluster Test</name>
    <code>0xFFF1</code>
    <define>TEST_MANUF_SPECIFIC_EXTENSION_CLUSTER</define>
    <description>This is a sample manufacturer specific cluster implementation for testing purposes</description>
    <!-- Base data types -->
    <attribute side="server" code="0x0000" define="BOOLEAN" type="BOOLEAN" writable="true" default="false" optional="false">boolean</attribute>
    <attribute side="server" code="0x0001" define="BITMAP8" type="BITMAP8" writable="true" default="0" optional="false">bitmap8</attribute>
    <attribute side="server" code="0x0002" define="BITMAP16" type="BITMAP16" writable="true" default="0" optional="false">bitmap16</attribute>
    <attribute side="server" code="0x0003" define="BITMAP32" type="BITMAP32" writable="true" default="0" optional="false">bitmap32</attribute>
    <attribute side="server" code="0x0004" define="BITMAP64" type="BITMAP64" writable="true" default="0" optional="false">bitmap64</attribute>
    <attribute side="server" code="0x0005" define="INT8U" type="INT8U" writable="true" default="0" optional="false">int8u</attribute>
    <attribute side="server" code="0x0006" define="INT16U" type="INT16U" writable="true" default="0" optional="false">int16u</attribute>
    <attribute side="server" code="0x0007" define="INT24U" type="INT24U" writable="true" default="0" optional="false">int24u</attribute>
    <attribute side="server" code="0x0008" define="INT32U" type="INT32U" writable="true" default="0" optional="false">int32u</attribute>
    <attribute side="server" code="0x0009" define="INT40U" type="INT40U" writable="true" default="0" optional="false">int40u</attribute>
    <attribute side="server" code="0x000A" define="INT48U" type="INT48U" writable="true" default="0" optional="false">int48u</attribute>
    <attribute side="server" code="0x000B" define="INT56U" type="INT56U" writable="true" default="0" optional="false">int56u</attribute>
    <attribute side="server" code="0x000C" define="INT64U" type="INT64U" writable="true" default="0" optional="false">int64u</attribute>
    <attribute side="server" code="0x000D" define="INT8S" type="INT8S" writable="true" default="0" optional="false">int8s</attribute>
    <attribute side="server" code="0x000E" define="INT16S" type="INT16S" writable="true" default="0" optional="false">int16s</attribute>
    <attribute side="server" code="0x000F" define="INT24S" type="INT24S" writable="true" default="0" optional="false">int24s</attribute>
    <attribute side="server" code="0x0010" define="INT32S" type="INT32S" writable="true" default="0" optional="false">int32s</attribute>
    <attribute side="server" code="0x0011" define="INT40S" type="INT40S" writable="true" default="0" optional="false">int40s</attribute>
    <attribute side="server" code="0x0012" define="INT48S" type="INT48S" writable="true" default="0" optional="false">int48s</attribute>
    <attribute side="server" code="0x0013" define="INT56S" type="INT56S" writable="true" default="0" optional="false">int56s</attribute>
    <attribute side="server" code="0x0014" define="INT64S" type="INT64S" writable="true" default="0" optional="false">int64s</attribute>
    <attribute side="server" code="0x0015" define="ENUM8" type="ENUM8" writable="true" default="0" optional="false">enum8</attribute>
    <attribute side="server" code="0x0016" define="ENUM16" type="ENUM16" writable="true" default="0" optional="false">enum16</attribute>
    <attribute side="server" code="0x0017" define="FLOAT_SINGLE" type="SINGLE" writable="true" default="0" optional="false">float_single</attribute>
    <attribute side="server" code="0x0018" define="FLOAT_DOUBLE" type="DOUBLE" writable="true" default="0" optional="false">float_double</attribute>
    <attribute side="server" code="0x0019" define="OCTET_STRING" type="OCTET_STRING" length="10" writable="true" optional="false">octet_string</attribute>
    <attribute side="server" code="0x001A" define="LIST" type="ARRAY" entryType="INT8U" length="10" writable="true" optional="false">list_int8u</attribute>
    <attribute side="server" code="0x001B" define="LIST_OCTET_STRING" type="ARRAY" entryType="OCTET_STRING" length="254" writable="true" optional="false">list_octet_string</attribute>
    <attribute side="server" code="0x001C" define="LIST_STRUCT_OCTET_STRING" type="ARRAY" entryType="TestListStructOctet" length="254" writable="true" optional="false">list_struct_octet_string</attribute>
    <attribute side="server" code="0x001D" define="LONG_OCTET_STRING" type="LONG_OCTET_STRING" length="1000" writable="true" optional="false">long_octet_string</attribute>
    <attribute side="server" code="0x001E" define="CHAR_STRING" type="CHAR_STRING" length="10" writable="true" optional="false">char_string</attribute>
    <attribute side="server" code="0x001F" define="LONG_CHAR_STRING" type="LONG_CHAR_STRING" length="1000" writable="true" optional="false">long_char_string</attribute>
    <attribute side="server" code="0x0020" define="EPOCH_US" type="EPOCH_US" writable="true" optional="false">epoch_us</attribute>
    <attribute side="server" code="0x0021" define="EPOCH_S" type="EPOCH_S" writable="true" optional="false">epoch_s</attribute>
    <attribute side="server" code="0x0022" define="TEST_VENDOR_ID" type="vendor_id"
               writable="true" optional="false" default="0">vendor_id</attribute>
    <attribute side="server" code="0x0023" define="LIST_OF_STRUCTS_WITH_OPTIONALS" type="ARRAY" entryType="NullablesAndOptionalsStruct"
               writable="true" optional="false">list_nullables_and_optionals_struct</attribute>
    <attribute side="server" code="0x0024" define="SIMPLE_ENUM" type="SimpleEnum" writable="true" optional="false">enum_attr</attribute>
    <attribute side="server" code="0x0025" define="STRUCT" type="SimpleStruct" writable="true" optional="false">struct_attr</attribute>
    <attribute side="server" code="0x0026" define="RANGE_RESTRICTED_INT8U" type="int8u" min="20" max="100" writable="true" optional="false" default="70">range_restricted_int8u</attribute>
    <attribute side="server" code="0x0027" define="RANGE_RESTRICTED_INT8s" type="int8s" min="-40" max="50" writable="true" optional="false" default="-5">range_restricted_int8s</attribute>
    <attribute side="server" code="0x0028" define="RANGE_RESTRICTED_INT16U" type="int16u" min="100" max="1000" writable="true" optional="false" default="200">range_restricted_int16u</attribute>
    <attribute side="server" code="0x0029" define="RANGE_RESTRICTED_INT16s" type="int16s" min="-150" max="200" writable="true" optional="false" default="-5">range_restricted_int16s</attribute>
    <attribute side="server" code="0x002A" define="LIST_LONG_OCTET_STRING" type="ARRAY" entryType="LONG_OCTET_STRING" length="1000" writable="false" optional="false">list_long_octet_string</attribute>
    <attribute side="server" code="0x002B" define="LIST_FABRIC_SCOPED" type="ARRAY" entryType="TestFabricScoped" length="10" writable="false" optional="false">list_fabric_scoped</attribute>
    <attribute side="server" code="0x0030" define="TIMED_WRITE_BOOLEAN"
               type="BOOLEAN" writable="true" mustUseTimedWrite="true">timed_write_boolean</attribute>

    <attribute side="server" code="0x8000" define="NULLABLE_BOOLEAN" type="BOOLEAN" writable="true" default="false" isNullable="true" optional="false">nullable_boolean</attribute>
    <attribute side="server" code="0x8001" define="NULLABLE_BITMAP8" type="BITMAP8" writable="true" default="0" isNullable="true" optional="false">nullable_bitmap8</attribute>
    <attribute side="server" code="0x8002" define="NULLABLE_BITMAP16" type="BITMAP16" writable="true" default="0" isNullable="true" optional="false">nullable_bitmap16</attribute>
    <attribute side="server" code="0x8003" define="NULLABLE_BITMAP32" type="BITMAP32" writable="true" default="0" isNullable="true" optional="false">nullable_bitmap32</attribute>
    <attribute side="server" code="0x8004" define="NULLABLE_BITMAP64" type="BITMAP64" writable="true" default="0" isNullable="true" optional="false">nullable_bitmap64</attribute>
    <attribute side="server" code="0x8005" define="NULLABLE_INT8U" type="INT8U" writable="true" default="0" isNullable="true" optional="false">nullable_int8u</attribute>
    <attribute side="server" code="0x8006" define="NULLABLE_INT16U" type="INT16U" writable="true" default="0" isNullable="true" optional="false">nullable_int16u</attribute>
    <attribute side="server" code="0x8007" define="NULLABLE_INT24U" type="INT24U" writable="true" default="0" isNullable="true" optional="false">nullable_int24u</attribute>
    <attribute side="server" code="0x8008" define="NULLABLE_INT32U" type="INT32U" writable="true" default="0" isNullable="true" optional="false">nullable_int32u</attribute>
    <attribute side="server" code="0x8009" define="NULLABLE_INT40U" type="INT40U" writable="true" default="0" isNullable="true" optional="false">nullable_int40u</attribute>
    <attribute side="server" code="0x800A" define="NULLABLE_INT48U" type="INT48U" writable="true" default="0" isNullable="true" optional="false">nullable_int48u</attribute>
    <attribute side="server" code="0x800B" define="NULLABLE_INT56U" type="INT56U" writable="true" default="0" isNullable="true" optional="false">nullable_int56u</attribute>
    <attribute side="server" code="0x800C" define="NULLABLE_INT64U" type="INT64U" writable="true" default="0" isNullable="true" optional="false">nullable_int64u</attribute>
    <attribute side="server" code="0x800D" define="NULLABLE_INT8S" type="INT8S" writable="true" default="0" isNullable="true" optional="false">nullable_int8s</attribute>
    <attribute side="server" code="0x800E" define="NULLABLE_INT16S" type="INT16S" writable="true" default="0" isNullable="true" optional="false">nullable_int16s</attribute>
    <attribute side="server" code="0x800F" define="NULLABLE_INT24S" type="INT24S" writable="true" default="0" isNullable="true" optional="false">nullable_int24s</attribute>
    <attribute side="server" code="0x8010" define="NULLABLE_INT32S" type="INT32S" writable="true" default="0" isNullable="true" optional="false">nullable_int32s</attribute>
    <attribute side="server" code="0x8011" define="NULLABLE_INT40S" type="INT40S" writable="true" default="0" isNullable="true" optional="false">nullable_int40s</attribute>
    <attribute side="server" code="0x8012" define="NULLABLE_INT48S" type="INT48S" writable="true" default="0" isNullable="true" optional="false">nullable_int48s</attribute>
    <attribute side="server" code="0x8013" define="NULLABLE_INT56S" type="INT56S" writable="true" default="0" isNullable="true" optional="false">nullable_int56s</attribute>
    <attribute side="server" code="0x8014" define="NULLABLE_INT64S" type="INT64S" writable="true" default="0" isNullable="true" optional="false">nullable_int64s</attribute>
    <attribute side="server" code="0x8015" define="NULLABLE_ENUM8" type="ENUM8" writable="true" default="0" isNullable="true" optional="false">nullable_enum8</attribute>
    <attribute side="server" code="0x8016" define="NULLABLE_ENUM16" type="ENUM16" writable="true" default="0" isNullable="true" optional="false">nullable_enum16</attribute>
    <attribute side="server" code="0x8017" define="NULLABLE_FLOAT_SINGLE" type="SINGLE" writable="true" default="0" isNullable="true" optional="false">nullable_float_single</attribute>
    <attribute side="server" code="0x8018" define="NULLABLE_FLOAT_DOUBLE" type="DOUBLE" writable="true" default="0" isNullable="true" optional="false">nullable_float_double</attribute>
    <attribute side="server" code="0x8019" define="NULLABLE_OCTET_STRING" type="OCTET_STRING" length="10" writable="true" isNullable="true" optional="false">nullable_octet_string</attribute>
    <attribute side="server" code="0x801E" define="NULLABLE_CHAR_STRING" type="CHAR_STRING" length="10" writable="true" isNullable="true" optional="false">nullable_char_string</attribute>
    <attribute side="server" code="0x8024" define="NULLABLE_SIMPLE_ENUM" type="SimpleEnum" writable="true" isNullable="true" optional="false">nullable_enum_attr</attribute>
    <attribute side="server" code="0x8025" define="NULLABLE_STRUCT" type="SimpleStruct" writable="true" isNullable="true" optional="false">nullable_struct</attribute>
    <attribute side="server" code="0x8026" define="NULLABLE_RANGE_RESTRICTED_INT8U" type="int8u" min="20" max="100" writable="true" isNullable="true" optional="false" default="70">nullable_range_restricted_int8u</attribute>
    <attribute side="server" code="0x8027" define="NULLABLE_RANGE_RESTRICTED_INT8s" type="int8s" min="-40" max="50" writable="true" isNullable="true" optional="false" default="-5">nullable_range_restricted_int8s</attribute>
    <attribute side="server" code="0x8028" define="NULLABLE_RANGE_RESTRICTED_INT16U" type="int16u" min="100" max="1000" writable="true" isNullable="true" optional="false" default="200">nullable_range_restricted_int16u</attribute>
    <attribute side="server" code="0x8029" define="NULLABLE_RANGE_RESTRICTED_INT16S" type="int16s" min="-150" max="200" writable="true" isNullable="true" optional="false" default="-5">nullable_range_restricted_int16s</attribute>

    <!-- Test Commands -->
    <command source="client" code="0x00" name="Test" optional="false">
      <description>
        Simple command without any parameters and without a specific response
      </description>
    </command>

	<event side="server" code="0x0000" name="TestEvent" priority="info">
      <description>Example event</description>
      <field id="0" name="arg1" type="INT8U"/>
    </event>
</cluster>

</configurator>